<?xml version="1.0" encoding="UTF-8"?>
<!-- Generated by org.testng.reporters.JUnitReportReporter -->
<testsuite hostname="DESKTOP-M8FCCF0" name="com.youceedu.testng.TestRun" tests="6" failures="0" timestamp="13 Jul 2019 22:17:02 GMT" time="0.012" errors="0">
  <testcase name="f" time="0.001" classname="com.youceedu.testng.TestRun"/>
  <testcase name="f" time="0.001" classname="com.youceedu.testng.TestRun"/>
  <testcase name="f" time="0.002" classname="com.youceedu.testng.TestRun"/>
  <testcase name="f" time="0.002" classname="com.youceedu.testng.TestRun"/>
  <testcase name="f" time="0.001" classname="com.youceedu.testng.TestRun"/>
  <testcase name="f" time="0.005" classname="com.youceedu.testng.TestRun"/>
</testsuite> <!-- com.youceedu.testng.TestRun -->
